DEBUG 2022-10-13 22:02:04,455 [common.py:create_document_store:37] Created FAISS Document Store
DEBUG 2022-10-13 22:02:09,963 [common.py:create_retriever:63] Created DensePassageRetriever
DEBUG 2022-10-13 22:04:42,671 [common.py:create_document_store:37] Created FAISS Document Store
DEBUG 2022-10-13 22:04:48,346 [common.py:create_retriever:63] Created DensePassageRetriever
DEBUG 2022-10-13 23:22:21,560 [common.py:create_document_store:60] Created FAISS Document Store
DEBUG 2022-10-13 23:22:26,892 [common.py:create_retriever:110] Created DensePassageRetriever
CRITICAL 2022-10-13 23:23:46,910 [common.py:create_document_store:63] Unable to create FAISS Document Store: The number of documents present in the SQL database (2) does not match the number of embeddings in FAISS (0). Make sure your FAISS configuration file correctly points to the same database that was used when creating the original index.
DEBUG 2022-10-13 23:23:52,587 [common.py:create_retriever:110] Created DensePassageRetriever
ERROR 2022-10-13 23:23:52,589 [common.py:write_documents:182] Unable to write documents: 'NoneType' object has no attribute 'write_documents'
DEBUG 2022-10-13 23:24:54,071 [common.py:create_document_store:60] Created FAISS Document Store
DEBUG 2022-10-13 23:24:59,629 [common.py:create_retriever:110] Created DensePassageRetriever
DEBUG 2022-10-13 23:26:01,554 [common.py:create_document_store:60] Created FAISS Document Store
DEBUG 2022-10-13 23:26:06,942 [common.py:create_retriever:110] Created DensePassageRetriever
DEBUG 2022-10-13 23:26:32,097 [common.py:create_document_store:60] Created FAISS Document Store
DEBUG 2022-10-13 23:26:37,506 [common.py:create_retriever:110] Created DensePassageRetriever
DEBUG 2022-10-13 23:27:51,926 [common.py:create_document_store:60] Created FAISS Document Store
DEBUG 2022-10-13 23:27:57,394 [common.py:create_retriever:110] Created DensePassageRetriever
DEBUG 2022-10-13 23:34:57,667 [common.py:create_document_store:64] Created FAISS Document Store
DEBUG 2022-10-13 23:35:03,397 [common.py:create_retriever:112] Created DensePassageRetriever
DEBUG 2022-10-13 23:35:55,643 [common.py:create_document_store:64] Created FAISS Document Store
DEBUG 2022-10-13 23:36:00,898 [common.py:create_retriever:112] Created DensePassageRetriever
DEBUG 2022-10-13 23:42:30,415 [common.py:create_document_store:63] Created FAISS Document Store
DEBUG 2022-10-13 23:42:36,729 [common.py:create_retriever:111] Created DensePassageRetriever
DEBUG 2022-10-13 23:42:59,982 [common.py:create_document_store:63] Created FAISS Document Store
DEBUG 2022-10-13 23:43:04,959 [common.py:create_retriever:111] Created DensePassageRetriever
DEBUG 2022-10-13 23:45:40,561 [common.py:create_document_store:63] Created FAISS Document Store
DEBUG 2022-10-13 23:45:45,953 [common.py:create_retriever:111] Created DensePassageRetriever
DEBUG 2022-10-13 23:46:42,132 [common.py:create_document_store:63] Created FAISS Document Store
DEBUG 2022-10-13 23:46:47,764 [common.py:create_retriever:111] Created DensePassageRetriever
CRITICAL 2022-10-16 20:05:37,758 [common.py:create_document_store:68] Unable to create FAISS Document Store: The number of documents present in the SQL database (31) does not match the number of embeddings in FAISS (0). Make sure your FAISS configuration file correctly points to the same database that was used when creating the original index.
DEBUG 2022-10-16 20:05:46,654 [common.py:create_retriever:113] Created DensePassageRetriever
CRITICAL 2022-10-16 20:06:50,534 [common.py:create_document_store:69] Unable to create FAISS Document Store: The number of documents present in the SQL database (31) does not match the number of embeddings in FAISS (0). Make sure your FAISS configuration file correctly points to the same database that was used when creating the original index.
DEBUG 2022-10-16 20:08:18,038 [common.py:create_document_store:66] Created FAISS Document Store
DEBUG 2022-10-16 20:08:24,929 [common.py:create_retriever:115] Created DensePassageRetriever
DEBUG 2022-10-16 20:09:05,691 [common.py:create_document_store:66] Created FAISS Document Store
DEBUG 2022-10-16 20:09:11,421 [common.py:create_retriever:115] Created DensePassageRetriever
DEBUG 2022-10-16 20:09:26,010 [common.py:create_document_store:66] Created FAISS Document Store
DEBUG 2022-10-16 20:09:32,987 [common.py:create_retriever:115] Created DensePassageRetriever
DEBUG 2022-10-16 20:12:28,974 [common.py:create_document_store:66] Created FAISS Document Store
DEBUG 2022-10-16 20:12:35,918 [common.py:create_retriever:115] Created DensePassageRetriever
DEBUG 2022-10-16 20:18:22,128 [common.py:create_document_store:66] Created FAISS Document Store
DEBUG 2022-10-16 20:18:28,608 [common.py:create_retriever:115] Created DensePassageRetriever
DEBUG 2022-10-16 20:18:51,676 [common.py:create_document_store:66] Created FAISS Document Store
DEBUG 2022-10-16 20:18:57,458 [common.py:create_retriever:115] Created DensePassageRetriever
DEBUG 2022-10-16 20:30:28,673 [common.py:create_document_store:66] Created FAISS Document Store
DEBUG 2022-10-16 20:30:35,712 [common.py:create_retriever:115] Created DensePassageRetriever
DEBUG 2022-10-16 20:32:15,543 [common.py:create_document_store:66] Created FAISS Document Store
DEBUG 2022-10-16 20:32:21,788 [common.py:create_retriever:115] Created DensePassageRetriever
DEBUG 2022-10-16 20:35:35,127 [common.py:create_document_store:66] Created FAISS Document Store
DEBUG 2022-10-16 20:35:41,203 [common.py:create_retriever:115] Created DensePassageRetriever
DEBUG 2022-10-16 20:38:29,914 [common.py:create_document_store:66] Created FAISS Document Store
DEBUG 2022-10-16 20:38:36,578 [common.py:create_retriever:115] Created DensePassageRetriever
DEBUG 2022-10-16 20:40:30,614 [common.py:create_document_store:66] Created FAISS Document Store
DEBUG 2022-10-16 20:40:37,465 [common.py:create_retriever:115] Created DensePassageRetriever
DEBUG 2022-10-16 20:42:59,748 [common.py:create_document_store:66] Created FAISS Document Store
DEBUG 2022-10-16 20:43:05,370 [common.py:create_retriever:115] Created DensePassageRetriever
DEBUG 2022-10-16 20:43:31,614 [common.py:create_document_store:66] Created FAISS Document Store
DEBUG 2022-10-16 20:43:37,129 [common.py:create_retriever:115] Created DensePassageRetriever
DEBUG 2022-10-16 20:46:58,602 [common.py:create_document_store:66] Created FAISS Document Store
DEBUG 2022-10-16 20:47:07,734 [common.py:create_retriever:115] Created DensePassageRetriever
DEBUG 2022-10-16 20:50:29,110 [common.py:create_document_store:66] Created FAISS Document Store
DEBUG 2022-10-16 20:50:34,795 [common.py:create_retriever:115] Created DensePassageRetriever
DEBUG 2022-10-16 20:51:06,482 [common.py:create_document_store:66] Created FAISS Document Store
DEBUG 2022-10-16 20:51:12,938 [common.py:create_retriever:115] Created DensePassageRetriever
DEBUG 2022-10-16 20:52:12,959 [common.py:create_document_store:66] Created FAISS Document Store
DEBUG 2022-10-16 20:52:19,662 [common.py:create_retriever:115] Created DensePassageRetriever
DEBUG 2022-10-16 20:53:07,709 [common.py:create_document_store:66] Created FAISS Document Store
DEBUG 2022-10-16 20:53:13,155 [common.py:create_retriever:115] Created DensePassageRetriever
DEBUG 2022-10-16 20:57:15,375 [common.py:create_document_store:66] Created FAISS Document Store
DEBUG 2022-10-16 20:57:21,267 [common.py:create_retriever:115] Created DensePassageRetriever
DEBUG 2022-10-16 20:57:53,500 [common.py:create_document_store:66] Created FAISS Document Store
DEBUG 2022-10-16 20:57:58,905 [common.py:create_retriever:115] Created DensePassageRetriever
DEBUG 2022-10-16 21:02:08,494 [common.py:create_retriever:116] Created DensePassageRetriever
ERROR 2022-10-16 21:02:08,580 [common.py:write_documents:188] Unable to write documents: 'NoneType' object has no attribute 'write_documents'
CRITICAL 2022-10-16 21:04:12,145 [common.py:create_document_store:73] Unable to create FAISS Document Store: Can't open FAISS configuration file `faiss_document_store.json`. Make sure the file exists and the you have the correct permissions to access it.
CRITICAL 2022-10-16 21:07:14,910 [common.py:create_document_store:73] Unable to create/load FAISS Document Store: Can't open FAISS configuration file `faiss_document_store.json`. Make sure the file exists and the you have the correct permissions to access it.
CRITICAL 2022-10-16 21:08:08,520 [common.py:create_document_store:74] Unable to create/load FAISS Document Store: Can't open FAISS configuration file `faiss_document_store.json`. Make sure the file exists and the you have the correct permissions to access it.
CRITICAL 2022-10-16 21:08:58,738 [common.py:create_document_store:75] Unable to create/load FAISS Document Store: Can't open FAISS configuration file `faiss_document_store.json`. Make sure the file exists and the you have the correct permissions to access it.
CRITICAL 2022-10-16 21:10:56,710 [common.py:create_document_store:76] Unable to create/load FAISS Document Store: Can't open FAISS configuration file `faiss_document_store.json`. Make sure the file exists and the you have the correct permissions to access it.
DEBUG 2022-10-16 21:11:50,653 [common.py:create_document_store:72] Created FAISS Document Store
DEBUG 2022-10-16 21:11:57,259 [common.py:create_retriever:122] Created DensePassageRetriever
ERROR 2022-10-16 21:16:02,943 [common.py:write_documents:195] Unable to write documents: 'FAISSDocumentStore' object is not callable
DEBUG 2022-10-16 21:18:47,842 [common.py:create_document_store:72] Created FAISS Document Store
DEBUG 2022-10-16 21:18:53,554 [common.py:create_retriever:122] Created DensePassageRetriever
ERROR 2022-10-16 21:18:54,703 [common.py:write_documents:196] Unable to save FAISS Document Store: 'FAISSDocumentStore' object is not callable
CRITICAL 2022-10-16 21:19:34,138 [common.py:create_document_store:76] Unable to create/load FAISS Document Store: Can't open FAISS configuration file `faiss_document_store.json`. Make sure the file exists and the you have the correct permissions to access it.
DEBUG 2022-10-16 21:19:47,694 [common.py:create_document_store:72] Created FAISS Document Store
DEBUG 2022-10-16 21:19:54,217 [common.py:create_retriever:122] Created DensePassageRetriever
DEBUG 2022-10-16 21:21:34,138 [common.py:create_document_store:50] Loaded existing FAISS Document Store
DEBUG 2022-10-16 21:21:40,210 [common.py:create_retriever:122] Created DensePassageRetriever
DEBUG 2022-10-16 21:24:51,102 [common.py:create_document_store:77] Created FAISS Document Store
DEBUG 2022-10-16 21:24:58,767 [common.py:create_retriever:127] Created DensePassageRetriever
DEBUG 2022-10-16 21:29:51,310 [common.py:create_document_store:55] Loaded existing FAISS Document Store
DEBUG 2022-10-16 21:29:56,850 [common.py:create_retriever:127] Created DensePassageRetriever
DEBUG 2022-10-16 21:30:52,135 [common.py:create_document_store:55] Loaded existing FAISS Document Store
DEBUG 2022-10-16 21:30:58,037 [common.py:create_retriever:127] Created DensePassageRetriever
DEBUG 2022-10-16 21:32:37,914 [common.py:create_document_store:55] Loaded existing FAISS Document Store
DEBUG 2022-10-16 21:32:43,578 [common.py:create_retriever:127] Created DensePassageRetriever
CRITICAL 2022-10-16 21:37:40,531 [common.py:create_document_store:81] Unable to create/load FAISS Document Store: The number of documents present in the SQL database (500) does not match the number of embeddings in FAISS (1000). Make sure your FAISS configuration file correctly points to the same database that was used when creating the original index.
DEBUG 2022-10-16 21:39:09,859 [common.py:create_document_store:77] Created FAISS Document Store
DEBUG 2022-10-16 21:39:15,534 [common.py:create_retriever:127] Created DensePassageRetriever
DEBUG 2022-10-16 21:43:33,447 [common.py:create_document_store:55] Loaded existing FAISS Document Store
DEBUG 2022-10-16 21:43:39,443 [common.py:create_retriever:127] Created DensePassageRetriever
DEBUG 2022-10-16 21:45:55,080 [common.py:create_document_store:55] Loaded existing FAISS Document Store
DEBUG 2022-10-16 21:46:00,798 [common.py:create_retriever:127] Created DensePassageRetriever
DEBUG 2022-10-16 21:46:32,278 [common.py:create_document_store:55] Loaded existing FAISS Document Store
DEBUG 2022-10-16 21:46:37,779 [common.py:create_retriever:127] Created DensePassageRetriever
DEBUG 2022-10-16 22:05:22,632 [common.py:create_document_store:60] Loaded existing FAISS Document Store
DEBUG 2022-10-16 22:05:30,135 [common.py:create_retriever:132] Created DensePassageRetriever
DEBUG 2022-10-16 22:06:22,893 [common.py:create_document_store:60] Loaded existing FAISS Document Store
DEBUG 2022-10-16 22:06:28,825 [common.py:create_retriever:132] Created DensePassageRetriever
DEBUG 2022-10-16 22:07:54,414 [common.py:create_document_store:60] Loaded existing FAISS Document Store
DEBUG 2022-10-16 22:08:00,090 [common.py:create_retriever:132] Created DensePassageRetriever
DEBUG 2022-10-16 22:09:05,592 [common.py:create_document_store:60] Loaded existing FAISS Document Store
DEBUG 2022-10-16 22:09:11,516 [common.py:create_retriever:132] Created DensePassageRetriever
DEBUG 2022-10-16 22:09:52,968 [common.py:create_document_store:60] Loaded existing FAISS Document Store
DEBUG 2022-10-16 22:09:58,501 [common.py:create_retriever:132] Created DensePassageRetriever
DEBUG 2022-10-16 22:11:24,720 [common.py:create_document_store:60] Loaded existing FAISS Document Store
DEBUG 2022-10-16 22:11:30,393 [common.py:create_retriever:132] Created DensePassageRetriever
DEBUG 2022-10-16 22:12:44,221 [common.py:create_document_store:60] Loaded existing FAISS Document Store
DEBUG 2022-10-16 22:12:50,109 [common.py:create_retriever:132] Created DensePassageRetriever
DEBUG 2022-10-16 22:13:53,280 [common.py:create_document_store:60] Loaded existing FAISS Document Store
DEBUG 2022-10-16 22:13:58,849 [common.py:create_retriever:132] Created DensePassageRetriever
DEBUG 2022-10-16 22:18:42,470 [common.py:create_document_store:59] Loaded existing FAISS Document Store
DEBUG 2022-10-16 22:18:49,090 [common.py:create_retriever:131] Created DensePassageRetriever
DEBUG 2022-10-16 22:19:40,906 [common.py:create_document_store:59] Loaded existing FAISS Document Store
DEBUG 2022-10-16 22:19:46,503 [common.py:create_retriever:131] Created DensePassageRetriever
DEBUG 2022-10-16 22:22:23,497 [common.py:create_document_store:59] Loaded existing FAISS Document Store
DEBUG 2022-10-16 22:22:29,199 [common.py:create_retriever:131] Created DensePassageRetriever
DEBUG 2022-10-16 22:24:25,511 [common.py:create_document_store:59] Loaded existing FAISS Document Store
DEBUG 2022-10-16 22:24:31,110 [common.py:create_retriever:131] Created DensePassageRetriever
DEBUG 2022-10-16 22:27:50,185 [common.py:create_document_store:59] Loaded existing FAISS Document Store
DEBUG 2022-10-16 22:27:56,088 [common.py:create_retriever:131] Created DensePassageRetriever
DEBUG 2022-10-16 22:29:12,247 [common.py:create_document_store:59] Loaded existing FAISS Document Store
DEBUG 2022-10-16 22:29:17,670 [common.py:create_retriever:131] Created DensePassageRetriever
DEBUG 2022-10-16 22:31:11,519 [common.py:create_document_store:59] Loaded existing FAISS Document Store
DEBUG 2022-10-16 22:31:16,988 [common.py:create_retriever:131] Created DensePassageRetriever
DEBUG 2022-10-16 22:33:00,745 [common.py:create_document_store:81] Created FAISS Document Store
DEBUG 2022-10-16 22:33:06,385 [common.py:create_retriever:131] Created DensePassageRetriever
DEBUG 2022-10-16 22:34:01,976 [common.py:create_document_store:59] Loaded existing FAISS Document Store
DEBUG 2022-10-16 22:34:08,658 [common.py:create_retriever:131] Created DensePassageRetriever
DEBUG 2022-10-16 22:36:05,108 [common.py:create_document_store:59] Loaded existing FAISS Document Store
DEBUG 2022-10-16 22:36:11,014 [common.py:create_retriever:131] Created DensePassageRetriever
DEBUG 2022-10-16 22:43:30,698 [common.py:create_document_store:81] Created FAISS Document Store
DEBUG 2022-10-16 22:43:36,180 [common.py:create_retriever:131] Created DensePassageRetriever
DEBUG 2022-10-16 22:43:42,227 [common.py:create_reader:225] Created FARMReader
DEBUG 2022-10-16 22:51:13,922 [common.py:create_document_store:59] Loaded existing FAISS Document Store
DEBUG 2022-10-16 22:51:19,728 [common.py:create_retriever:131] Created DensePassageRetriever
DEBUG 2022-10-16 22:51:26,665 [common.py:create_reader:225] Created FARMReader
DEBUG 2022-10-16 22:53:37,331 [common.py:create_document_store:59] Loaded existing FAISS Document Store
DEBUG 2022-10-16 22:53:42,862 [common.py:create_retriever:131] Created DensePassageRetriever
DEBUG 2022-10-16 22:53:47,989 [common.py:create_reader:225] Created FARMReader
DEBUG 2022-10-16 22:55:27,483 [common.py:create_document_store:59] Loaded existing FAISS Document Store
DEBUG 2022-10-16 22:55:33,061 [common.py:create_retriever:131] Created DensePassageRetriever
DEBUG 2022-10-16 22:55:39,543 [common.py:create_reader:225] Created FARMReader
DEBUG 2022-10-17 17:50:58,054 [common.py:create_document_store:59] Loaded existing FAISS Document Store
DEBUG 2022-10-17 17:51:03,522 [common.py:create_retriever:131] Created DensePassageRetriever
DEBUG 2022-10-17 17:51:08,561 [common.py:create_reader:225] Created FARMReader
DEBUG 2022-10-17 17:55:23,252 [common.py:create_document_store:59] Loaded existing FAISS Document Store
DEBUG 2022-10-17 17:55:28,565 [common.py:create_retriever:131] Created DensePassageRetriever
DEBUG 2022-10-17 17:55:33,787 [common.py:create_reader:225] Created FARMReader
DEBUG 2022-10-17 18:05:58,519 [common.py:create_document_store:59] Loaded existing FAISS Document Store
DEBUG 2022-10-17 18:06:04,201 [common.py:create_retriever:131] Created DensePassageRetriever
DEBUG 2022-10-17 18:06:12,942 [search.py:create_document_store:59] Loaded existing FAISS Document Store
DEBUG 2022-10-17 18:06:18,418 [search.py:create_retriever:131] Created DensePassageRetriever
DEBUG 2022-10-17 18:06:23,576 [search.py:create_reader:225] Created FARMReader
DEBUG 2022-10-17 18:08:04,878 [search.py:create_document_store:59] Loaded existing FAISS Document Store
DEBUG 2022-10-17 18:08:10,215 [search.py:create_retriever:131] Created DensePassageRetriever
DEBUG 2022-10-17 18:08:15,169 [search.py:create_reader:225] Created FARMReader
DEBUG 2022-10-17 18:12:22,403 [search.py:create_document_store:81] Created FAISS Document Store
DEBUG 2022-10-17 18:12:28,001 [search.py:create_retriever:131] Created DensePassageRetriever
DEBUG 2022-10-17 18:12:33,588 [search.py:create_reader:225] Created FARMReader
DEBUG 2022-10-17 18:25:58,187 [search.py:create_document_store:59] Loaded existing FAISS Document Store
DEBUG 2022-10-17 18:26:03,595 [search.py:create_retriever:131] Created DensePassageRetriever
DEBUG 2022-10-17 18:26:08,847 [search.py:create_reader:225] Created FARMReader
DEBUG 2022-10-17 18:28:12,327 [search.py:create_document_store:59] Loaded existing FAISS Document Store
DEBUG 2022-10-17 18:28:17,822 [search.py:create_retriever:131] Created DensePassageRetriever
DEBUG 2022-10-17 18:28:22,981 [search.py:create_reader:225] Created FARMReader
DEBUG 2022-10-17 18:29:21,847 [search.py:create_document_store:59] Loaded existing FAISS Document Store
DEBUG 2022-10-17 18:29:29,505 [search.py:create_document_store:59] Loaded existing FAISS Document Store
DEBUG 2022-10-17 18:29:34,725 [search.py:create_retriever:131] Created DensePassageRetriever
DEBUG 2022-10-17 18:29:39,585 [search.py:create_reader:225] Created FARMReader
DEBUG 2022-10-17 18:30:32,642 [search.py:create_document_store:59] Loaded existing FAISS Document Store
DEBUG 2022-10-17 18:30:37,852 [search.py:create_retriever:131] Created DensePassageRetriever
DEBUG 2022-10-17 18:30:42,827 [search.py:create_reader:225] Created FARMReader
